00:51:02 **** Incremental Build of configuration Release for project ADC_int2 ****
make all 
Building file: ../main.c
Invoking: AVR Compiler
avr-gcc -Wall -Os -fpack-struct -fshort-enums -std=gnu99 -funsigned-char -funsigned-bitfields -mmcu=atmega328p -DF_CPU=8000000UL -MMD -MP -MF"main.d" -MT"main.d" -c -o "main.o" "../main.c"
Finished building: ../main.c
 
Building target: ADC_int2.elf
Invoking: AVR C Linker
avr-gcc -Wl,-Map,ADC_int2.map -mmcu=atmega328p -o "ADC_int2.elf"  ./main.o   
Finished building target: ADC_int2.elf
 
Invoking: AVR Create Extended Listing
avr-objdump -h -S ADC_int2.elf  >"ADC_int2.lss"
Finished building: ADC_int2.lss
 
Create Flash image (ihex format)
avr-objcopy -R .eeprom -O ihex ADC_int2.elf  "ADC_int2.hex"
Finished building: ADC_int2.hex
 
Create eeprom image (ihex format)
avr-objcopy -j .eeprom --no-change-warnings --change-section-lma .eeprom=0 -O ihex ADC_int2.elf  "ADC_int2.eep"
Finished building: ADC_int2.eep
 
Invoking: Print Size
avr-size --format=avr --mcu=atmega328p ADC_int2.elf
AVR Memory Usage
----------------
Device: atmega328p

Program:     192 bytes (0.6% Full)
(.text + .data + .bootloader)

Data:          2 bytes (0.1% Full)
(.data + .bss + .noinit)


Finished building: sizedummy
 

00:51:12 Build Finished (took 10s.299ms)

