01:46:51 **** Incremental Build of configuration Release for project Barometr ****
make all 
Building file: ../BMP180.c
Invoking: AVR Compiler
avr-gcc -Wall -Os -fpack-struct -fshort-enums -std=gnu99 -funsigned-char -funsigned-bitfields -mmcu=atmega8 -DF_CPU=4000000UL -MMD -MP -MF"BMP180.d" -MT"BMP180.d" -c -o "BMP180.o" "../BMP180.c"
In file included from ../BMP180.c:11:
../BMP180.h:122: warning: useless storage class specifier in empty declaration
Finished building: ../BMP180.c
 
Building file: ../main.c
Invoking: AVR Compiler
avr-gcc -Wall -Os -fpack-struct -fshort-enums -std=gnu99 -funsigned-char -funsigned-bitfields -mmcu=atmega8 -DF_CPU=4000000UL -MMD -MP -MF"main.d" -MT"main.d" -c -o "main.o" "../main.c"
In file included from ../main.c:11:
../BMP180.h:122: warning: useless storage class specifier in empty declaration
Finished building: ../main.c
 
Building target: Barometr.elf
Invoking: AVR C Linker
avr-gcc -Wl,-Map,Barometr.map -mmcu=atmega8 -o "Barometr.elf"  ./BMP180.o ./I2C.o ./USART.o ./main.o   
Finished building target: Barometr.elf
 
Invoking: AVR Create Extended Listing
avr-objdump -h -S Barometr.elf  >"Barometr.lss"
Finished building: Barometr.lss
 
Create Flash image (ihex format)
avr-objcopy -R .eeprom -O ihex Barometr.elf  "Barometr.hex"
Finished building: Barometr.hex
 
Create eeprom image (ihex format)
avr-objcopy -j .eeprom --no-change-warnings --change-section-lma .eeprom=0 -O ihex Barometr.elf  "Barometr.eep"
Finished building: Barometr.eep
 
Invoking: Print Size
avr-size --format=avr --mcu=atmega8 Barometr.elf
AVR Memory Usage
----------------
Device: atmega8

Program:     794 bytes (9.7% Full)
(.text + .data + .bootloader)

Data:         34 bytes (3.3% Full)
(.data + .bss + .noinit)


Finished building: sizedummy
 

01:46:54 Build Finished (took 2s.588ms)

