23:22:21 **** Incremental Build of configuration Release for project DHT11 ****
make all 
Building file: ../main.c
Invoking: AVR Compiler
avr-gcc -Wall -Os -fpack-struct -fshort-enums -std=gnu99 -funsigned-char -funsigned-bitfields -mmcu=atmega8 -DF_CPU=4000000UL -MMD -MP -MF"main.d" -MT"main.d" -c -o "main.o" "../main.c"
../main.c: In function 'main':
../main.c:41: warning: unused variable 'error'
Finished building: ../main.c
 
Building target: DHT11.elf
Invoking: AVR C Linker
avr-gcc -Wl,-Map,DHT11.map -mmcu=atmega8 -o "DHT11.elf"  ./MKUART/mkuart.o  ./LCD/lcd44780.o  ./DHT/DHT11.o  ./main.o   
Finished building target: DHT11.elf
 
Invoking: AVR Create Extended Listing
avr-objdump -h -S DHT11.elf  >"DHT11.lss"
Finished building: DHT11.lss
 
Create Flash image (ihex format)
avr-objcopy -R .eeprom -O ihex DHT11.elf  "DHT11.hex"
Finished building: DHT11.hex
 
Create eeprom image (ihex format)
avr-objcopy -j .eeprom --no-change-warnings --change-section-lma .eeprom=0 -O ihex DHT11.elf  "DHT11.eep"
Finished building: DHT11.eep
 
Invoking: Print Size
avr-size --format=avr --mcu=atmega8 DHT11.elf
AVR Memory Usage
----------------
Device: atmega8

Program:    1694 bytes (20.7% Full)
(.text + .data + .bootloader)

Data:         94 bytes (9.2% Full)
(.data + .bss + .noinit)


Finished building: sizedummy
 

23:22:26 Build Finished (took 4s.868ms)

