12:04:50 **** Incremental Build of configuration Release for project Dioda ****
make all 
Building target: Dioda.elf
Invoking: AVR C Linker
avr-gcc -Wl,-Map,Dioda.map -mmcu=atmega328p -o "Dioda.elf"  ./main.o   
Finished building target: Dioda.elf
 
Invoking: AVR Create Extended Listing
avr-objdump -h -S Dioda.elf  >"Dioda.lss"
Finished building: Dioda.lss
 
Create Flash image (ihex format)
avr-objcopy -R .eeprom -O ihex Dioda.elf  "Dioda.hex"
Finished building: Dioda.hex
 
Create eeprom image (ihex format)
avr-objcopy -j .eeprom --no-change-warnings --change-section-lma .eeprom=0 -O ihex Dioda.elf  "Dioda.eep"
Finished building: Dioda.eep
 
Invoking: Print Size
avr-size --format=avr --mcu=atmega328p Dioda.elf
AVR Memory Usage
----------------
Device: atmega328p

Program:     226 bytes (0.7% Full)
(.text + .data + .bootloader)

Data:          0 bytes (0.0% Full)
(.data + .bss + .noinit)


Finished building: sizedummy
 

12:04:51 Build Finished (took 985ms)

