20:45:12 **** Incremental Build of configuration Release for project PWM ****
make all 
Building file: ../main.c
Invoking: AVR Compiler
avr-gcc -Wall -Os -fpack-struct -fshort-enums -std=gnu99 -funsigned-char -funsigned-bitfields -mmcu=atmega8 -DF_CPU=1000000UL -MMD -MP -MF"main.d" -MT"main.d" -c -o "main.o" "../main.c"
Finished building: ../main.c
 
Building target: PWM.elf
Invoking: AVR C Linker
avr-gcc -Wl,-Map,PWM.map -mmcu=atmega8 -o "PWM.elf"  ./main.o   
Finished building target: PWM.elf
 
Invoking: AVR Create Extended Listing
avr-objdump -h -S PWM.elf  >"PWM.lss"
Finished building: PWM.lss
 
Create Flash image (ihex format)
avr-objcopy -R .eeprom -O ihex PWM.elf  "PWM.hex"
Finished building: PWM.hex
 
Create eeprom image (ihex format)
avr-objcopy -j .eeprom --no-change-warnings --change-section-lma .eeprom=0 -O ihex PWM.elf  "PWM.eep"
Finished building: PWM.eep
 
Invoking: Print Size
avr-size --format=avr --mcu=atmega8 PWM.elf
AVR Memory Usage
----------------
Device: atmega8

Program:     128 bytes (1.6% Full)
(.text + .data + .bootloader)

Data:          0 bytes (0.0% Full)
(.data + .bss + .noinit)


Finished building: sizedummy
 

20:45:14 Build Finished (took 1s.685ms)

