21:10:23 **** Incremental Build of configuration Release for project Seminarka ****
make all 
Building file: ../main.c
Invoking: AVR Compiler
avr-gcc -Wall -Os -fpack-struct -fshort-enums -std=gnu99 -funsigned-char -funsigned-bitfields -mmcu=atmega328p -DF_CPU=1000000UL -MMD -MP -MF"main.d" -MT"main.d" -c -o "main.o" "../main.c"
Finished building: ../main.c
 
Building target: Seminarka.elf
Invoking: AVR C Linker
avr-gcc -Wl,-Map,Seminarka.map -mmcu=atmega328p -o "Seminarka.elf"  ./main.o   
Finished building target: Seminarka.elf
 
Invoking: AVR Create Extended Listing
avr-objdump -h -S Seminarka.elf  >"Seminarka.lss"
Finished building: Seminarka.lss
 
Create Flash image (ihex format)
avr-objcopy -R .eeprom -O ihex Seminarka.elf  "Seminarka.hex"
Finished building: Seminarka.hex
 
Create eeprom image (ihex format)
avr-objcopy -j .eeprom --no-change-warnings --change-section-lma .eeprom=0 -O ihex Seminarka.elf  "Seminarka.eep"
Finished building: Seminarka.eep
 
Invoking: Print Size
avr-size --format=avr --mcu=atmega328p Seminarka.elf
AVR Memory Usage
----------------
Device: atmega328p

Program:     350 bytes (1.1% Full)
(.text + .data + .bootloader)

Data:          1 bytes (0.0% Full)
(.data + .bss + .noinit)


Finished building: sizedummy
 

21:10:24 Build Finished (took 1s.563ms)

