00:32:00 **** Incremental Build of configuration Release for project Termometr_int ****
make all 
Building file: ../LCD/lcd44780.c
Invoking: AVR Compiler
avr-gcc -Wall -Os -fpack-struct -fshort-enums -std=gnu99 -funsigned-char -funsigned-bitfields -mmcu=atmega328p -DF_CPU=1000000UL -MMD -MP -MF"LCD/lcd44780.d" -MT"LCD/lcd44780.d" -c -o "LCD/lcd44780.o" "../LCD/lcd44780.c"
Finished building: ../LCD/lcd44780.c
 
Building file: ../main.c
Invoking: AVR Compiler
avr-gcc -Wall -Os -fpack-struct -fshort-enums -std=gnu99 -funsigned-char -funsigned-bitfields -mmcu=atmega328p -DF_CPU=1000000UL -MMD -MP -MF"main.d" -MT"main.d" -c -o "main.o" "../main.c"
Finished building: ../main.c
 
Building target: Termometr_int.elf
Invoking: AVR C Linker
avr-gcc -Wl,-Map,Termometr_int.map -mmcu=atmega328p -o "Termometr_int.elf"  ./LCD/lcd44780.o  ./Ethernet/enc28j60.o ./Ethernet/ip_arp_udp_tcp.o  ./1Wire/crc8.o ./1Wire/ds18x20.o ./1Wire/onewire.o  ./main.o   
Finished building target: Termometr_int.elf
 
Invoking: AVR Create Extended Listing
avr-objdump -h -S Termometr_int.elf  >"Termometr_int.lss"
Finished building: Termometr_int.lss
 
Create Flash image (ihex format)
avr-objcopy -R .eeprom -O ihex Termometr_int.elf  "Termometr_int.hex"
Finished building: Termometr_int.hex
 
Create eeprom image (ihex format)
avr-objcopy -j .eeprom --no-change-warnings --change-section-lma .eeprom=0 -O ihex Termometr_int.elf  "Termometr_int.eep"
Finished building: Termometr_int.eep
 
Invoking: Print Size
avr-size --format=avr --mcu=atmega328p Termometr_int.elf
AVR Memory Usage
----------------
Device: atmega328p

Program:    9622 bytes (29.4% Full)
(.text + .data + .bootloader)

Data:       1055 bytes (51.5% Full)
(.data + .bss + .noinit)


Finished building: sizedummy
 

00:32:10 Build Finished (took 10s.357ms)

