00:13:20 **** Incremental Build of configuration Release for project Termometr2 ****
make all 
Building file: ../main.c
Invoking: AVR Compiler
avr-gcc -Wall -Os -fpack-struct -fshort-enums -std=gnu99 -funsigned-char -funsigned-bitfields -mmcu=atmega8 -DF_CPU=1000000UL -MMD -MP -MF"main.d" -MT"main.d" -c -o "main.o" "../main.c"
../main.c:23: warning: 'TIMER0_COMPA_vect' appears to be a misspelled signal handler
Finished building: ../main.c
 
Building target: Termometr2.elf
Invoking: AVR C Linker
avr-gcc -Wl,-Map,Termometr2.map -mmcu=atmega8 -o "Termometr2.elf"  ./1Wire/crc8.o ./1Wire/ds18x20.o ./1Wire/onewire.o  ./lcd44780.o ./main.o   
Finished building target: Termometr2.elf
 
Invoking: AVR Create Extended Listing
avr-objdump -h -S Termometr2.elf  >"Termometr2.lss"
Finished building: Termometr2.lss
 
Create Flash image (ihex format)
avr-objcopy -R .eeprom -O ihex Termometr2.elf  "Termometr2.hex"
Finished building: Termometr2.hex
 
Create eeprom image (ihex format)
avr-objcopy -j .eeprom --no-change-warnings --change-section-lma .eeprom=0 -O ihex Termometr2.elf  "Termometr2.eep"
Finished building: Termometr2.eep
 
Invoking: Print Size
avr-size --format=avr --mcu=atmega8 Termometr2.elf
AVR Memory Usage
----------------
Device: atmega8

Program:    2368 bytes (28.9% Full)
(.text + .data + .bootloader)

Data:         60 bytes (5.9% Full)
(.data + .bss + .noinit)


Finished building: sizedummy
 

00:13:26 Build Finished (took 6s.484ms)

