21:34:48 **** Incremental Build of configuration Release for project Ultra ****
make all 
Building file: ../main.c
Invoking: AVR Compiler
avr-gcc -Wall -Os -fpack-struct -fshort-enums -std=gnu99 -funsigned-char -funsigned-bitfields -mmcu=atmega8 -DF_CPU=1000000UL -MMD -MP -MF"main.d" -MT"main.d" -c -o "main.o" "../main.c"
Finished building: ../main.c
 
Building target: Ultra.elf
Invoking: AVR C Linker
avr-gcc -Wl,-Map,Ultra.map -mmcu=atmega8 -o "Ultra.elf"  ./main.o   
Finished building target: Ultra.elf
 
Invoking: AVR Create Extended Listing
avr-objdump -h -S Ultra.elf  >"Ultra.lss"
Finished building: Ultra.lss
 
Create Flash image (ihex format)
avr-objcopy -R .eeprom -O ihex Ultra.elf  "Ultra.hex"
Finished building: Ultra.hex
 
Create eeprom image (ihex format)
avr-objcopy -j .eeprom --no-change-warnings --change-section-lma .eeprom=0 -O ihex Ultra.elf  "Ultra.eep"
Finished building: Ultra.eep
 
Invoking: Print Size
avr-size --format=avr --mcu=atmega8 Ultra.elf
AVR Memory Usage
----------------
Device: atmega8

Program:     184 bytes (2.2% Full)
(.text + .data + .bootloader)

Data:          0 bytes (0.0% Full)
(.data + .bss + .noinit)


Finished building: sizedummy
 

21:34:50 Build Finished (took 1s.554ms)

