21:37:37 **** Incremental Build of configuration Release for project USART ****
make all 
Building file: ../main.c
Invoking: AVR Compiler
avr-gcc -Wall -Os -fpack-struct -fshort-enums -std=gnu99 -funsigned-char -funsigned-bitfields -mmcu=atmega8 -DF_CPU=4000000UL -MMD -MP -MF"main.d" -MT"main.d" -c -o "main.o" "../main.c"
Finished building: ../main.c
 
Building target: USART.elf
Invoking: AVR C Linker
avr-gcc -Wl,-Map,USART.map -mmcu=atmega8 -o "USART.elf"  ./USART.o ./main.o   
Finished building target: USART.elf
 
Invoking: AVR Create Extended Listing
avr-objdump -h -S USART.elf  >"USART.lss"
Finished building: USART.lss
 
Create Flash image (ihex format)
avr-objcopy -R .eeprom -O ihex USART.elf  "USART.hex"
Finished building: USART.hex
 
Create eeprom image (ihex format)
avr-objcopy -j .eeprom --no-change-warnings --change-section-lma .eeprom=0 -O ihex USART.elf  "USART.eep"
Finished building: USART.eep
 
Invoking: Print Size
avr-size --format=avr --mcu=atmega8 USART.elf
AVR Memory Usage
----------------
Device: atmega8

Program:     238 bytes (2.9% Full)
(.text + .data + .bootloader)

Data:         11 bytes (1.1% Full)
(.data + .bss + .noinit)


Finished building: sizedummy
 

21:37:39 Build Finished (took 2s.336ms)

