02:19:51 **** Incremental Build of configuration Release for project WiFi_Client ****
make all 
Building file: ../ESP8266_Cl.c
Invoking: AVR Compiler
avr-gcc -Wall -Os -fpack-struct -fshort-enums -std=gnu99 -funsigned-char -funsigned-bitfields -mmcu=atmega8 -DF_CPU=4000000UL -MMD -MP -MF"ESP8266_Cl.d" -MT"ESP8266_Cl.d" -c -o "ESP8266_Cl.o" "../ESP8266_Cl.c"
../ESP8266_Cl.h:26: warning: 'ESP8266_MAC' defined but not used
../ESP8266_Cl.h:27: warning: 'ESP8266_IP' defined but not used
Finished building: ../ESP8266_Cl.c
 
Building file: ../main.c
Invoking: AVR Compiler
avr-gcc -Wall -Os -fpack-struct -fshort-enums -std=gnu99 -funsigned-char -funsigned-bitfields -mmcu=atmega8 -DF_CPU=4000000UL -MMD -MP -MF"main.d" -MT"main.d" -c -o "main.o" "../main.c"
../ESP8266_Cl.h:26: warning: 'ESP8266_MAC' defined but not used
../ESP8266_Cl.h:27: warning: 'ESP8266_IP' defined but not used
Finished building: ../main.c
 
Building target: WiFi_Client.elf
Invoking: AVR C Linker
avr-gcc -Wl,-Map,WiFi_Client.map -mmcu=atmega8 -o "WiFi_Client.elf"  ./MKUART/mkuart.o  ./ESP8266_Cl.o ./main.o   
Finished building target: WiFi_Client.elf
 
Invoking: AVR Create Extended Listing
avr-objdump -h -S WiFi_Client.elf  >"WiFi_Client.lss"
Finished building: WiFi_Client.lss
 
Create Flash image (ihex format)
avr-objcopy -R .eeprom -O ihex WiFi_Client.elf  "WiFi_Client.hex"
Finished building: WiFi_Client.hex
 
Create eeprom image (ihex format)
avr-objcopy -j .eeprom --no-change-warnings --change-section-lma .eeprom=0 -O ihex WiFi_Client.elf  "WiFi_Client.eep"
Finished building: WiFi_Client.eep
 
Invoking: Print Size
avr-size --format=avr --mcu=atmega8 WiFi_Client.elf
AVR Memory Usage
----------------
Device: atmega8

Program:    1198 bytes (14.6% Full)
(.text + .data + .bootloader)

Data:        226 bytes (22.1% Full)
(.data + .bss + .noinit)


Finished building: sizedummy
 

02:19:54 Build Finished (took 2s.885ms)

