16:15:42 **** Build of configuration Release for project Wilgotnosc ****
make all 
Building file: ../main.c
Invoking: AVR Compiler
avr-gcc -Wall -Os -fpack-struct -fshort-enums -std=gnu99 -funsigned-char -funsigned-bitfields -mmcu=atmega328p -DF_CPU=3686400UL -MMD -MP -MF"main.d" -MT"main.d" -c -o "main.o" "../main.c"
../main.c: In function 'main':
../main.c:44: warning: large integer implicitly truncated to unsigned type
Finished building: ../main.c
 
Building target: Wilgotnosc.elf
Invoking: AVR C Linker
avr-gcc -Wl,-Map,Wilgotnosc.map -mmcu=atmega328p -o "Wilgotnosc.elf"  ./MKUART/mkuart.o  ./HTU21D.o ./I2C.o ./main.o   
Finished building target: Wilgotnosc.elf
 
Invoking: AVR Create Extended Listing
avr-objdump -h -S Wilgotnosc.elf  >"Wilgotnosc.lss"
Finished building: Wilgotnosc.lss
 
Create Flash image (ihex format)
avr-objcopy -R .eeprom -O ihex Wilgotnosc.elf  "Wilgotnosc.hex"
Finished building: Wilgotnosc.hex
 
Create eeprom image (ihex format)
avr-objcopy -j .eeprom --no-change-warnings --change-section-lma .eeprom=0 -O ihex Wilgotnosc.elf  "Wilgotnosc.eep"
Finished building: Wilgotnosc.eep
 
Invoking: Print Size
avr-size --format=avr --mcu=atmega328p Wilgotnosc.elf
AVR Memory Usage
----------------
Device: atmega328p

Program:    3486 bytes (10.6% Full)
(.text + .data + .bootloader)

Data:        159 bytes (7.8% Full)
(.data + .bss + .noinit)


Finished building: sizedummy
 

16:15:44 Build Finished (took 2s.47ms)

